<?xml version="1.0" encoding="UTF-8"?>
<!-- Generated by org.testng.reporters.JUnitReportReporter -->
<testsuite skipped="0" hostname="DESKTOP-T3EO6I8" name="com.qa.hubspot.tests.LoginPageTest" tests="3" failures="0" timestamp="23 Feb 2020 08:58:06 GMT" time="60.467" errors="0">
  <testcase name="loginPageTitleTest" time="17.850" classname="com.qa.hubspot.tests.LoginPageTest"/>
  <testcase name="signUpLinkTest" time="22.074" classname="com.qa.hubspot.tests.LoginPageTest"/>
  <testcase name="loginTest" time="20.543" classname="com.qa.hubspot.tests.LoginPageTest"/>
</testsuite> <!-- com.qa.hubspot.tests.LoginPageTest -->
