<?xml version="1.0" encoding="UTF-8"?>
<!-- Generated by org.testng.reporters.JUnitReportReporter -->
<testsuite skipped="0" hostname="SHREE-PC" name="com.qa.hubspot.tests.LoginPageTest" tests="3" failures="0" timestamp="23 Feb 2020 19:36:05 GMT" time="40.380" errors="0">
  <testcase name="loginPageTitleTest" time="12.500" classname="com.qa.hubspot.tests.LoginPageTest"/>
  <testcase name="signUpLinkTest" time="11.523" classname="com.qa.hubspot.tests.LoginPageTest"/>
  <testcase name="loginTest" time="16.357" classname="com.qa.hubspot.tests.LoginPageTest"/>
</testsuite> <!-- com.qa.hubspot.tests.LoginPageTest -->
